[PREINITIALIZATION][CLIENT][INFO] Thank you to the Patreon supporters below and others who make CraftTweaker possible!
Quaternary
Spencer Gilbert
Peregrinus11
Belathus
Genryu
Hooley
NerdyWhiteGuy
NickT
Ncc1702
embeddedt
Lucas
DreamThorn
Jessie Sims
Zuniroa
Ivy_
Jordan Pineo
Jellycraft
Jonathan McManus
If you want to support the mod, checkout https://patreon.com/jaredlll08?s=crtmod

[PREINITIALIZATION][CLIENT][INFO] Current loaders after merging: [[preinit]]
[PREINITIALIZATION][CLIENT][INFO] Loading scripts for loader with names [preinit]
[PREINITIALIZATION][CLIENT][INFO] Completed script loading in: 1ms
[PREINITIALIZATION][CLIENT][INFO] Current loaders after merging: [[preinit], [contenttweaker]]
[PREINITIALIZATION][CLIENT][INFO] Loading scripts for loader with names [contenttweaker]
[PREINITIALIZATION][CLIENT][INFO] Completed script loading in: 0ms
[PREINITIALIZATION][CLIENT][INFO] Current loaders after merging: [[preinit], [contenttweaker], [nc_preinit]]
[PREINITIALIZATION][CLIENT][INFO] Loading scripts for loader with names [nc_preinit]
[PREINITIALIZATION][CLIENT][INFO] Completed script loading in: 0ms
[INITIALIZATION][CLIENT][INFO] CraftTweaker: Building registry
[INITIALIZATION][CLIENT][INFO] CraftTweaker: Successfully built item registry
[INITIALIZATION][CLIENT][INFO] Current loaders after merging: [[preinit], [contenttweaker], [nc_preinit], [recipeevent | crafttweaker]]
[INITIALIZATION][CLIENT][INFO] Loading scripts for loader with names [crafttweaker | recipeevent]
[INITIALIZATION][CLIENT][INFO] Completed script loading in: 0ms
[POSTINITIALIZATION][CLIENT][INFO] Removing recipes for various outputs
[AVAILABLE][CLIENT][INFO] Fixed the RecipeBook
