[01:54:44] [Client thread/INFO] [JMLogger] JourneyMap log initialized.
[01:54:44] [Client thread/INFO] [JourneymapClient] initialize ENTER
[01:54:44] [Client thread/ERROR] [FileHandler] Couldn't locate icons for flat: C:\Users\lamar\curseforge\minecraft\Instances\Nexus%20Absolu\mods\journeymap-1.12.2-5.7.1p3.jar\assets\journeymap\theme\flat
[01:54:44] [Client thread/INFO] [PropertiesBase] core (FirstLoaded) Setting config file to version "5.7.1p3": journeymap.core.config
[01:54:44] [Client thread/INFO] [PropertiesBase] core (Valid) Creating config file: C:\Users\lamar\curseforge\minecraft\Instances\Nexus Absolu\journeymap\config\5.7\journeymap.core.config
[01:54:44] [Client thread/INFO] [PropertiesBase] fullmap (FirstLoaded) Setting config file to version "5.7.1p3": journeymap.fullmap.config
[01:54:44] [Client thread/INFO] [PropertiesBase] fullmap (Valid) Creating config file: C:\Users\lamar\curseforge\minecraft\Instances\Nexus Absolu\journeymap\config\5.7\journeymap.fullmap.config
[01:54:44] [Client thread/INFO] [PropertiesBase] minimap (Initialized) Setting config file to version "5.7.1p3": journeymap.minimap.config
[01:54:44] [Client thread/INFO] [PropertiesBase] minimap (Valid) Creating config file: C:\Users\lamar\curseforge\minecraft\Instances\Nexus Absolu\journeymap\config\5.7\journeymap.minimap.config
[01:54:44] [Client thread/INFO] [PropertiesBase] minimap2 (FirstLoaded) Setting config file to version "5.7.1p3": journeymap.minimap2.config
[01:54:44] [Client thread/INFO] [PropertiesBase] minimap2 (Valid) Creating config file: C:\Users\lamar\curseforge\minecraft\Instances\Nexus Absolu\journeymap\config\5.7\journeymap.minimap2.config
[01:54:44] [Client thread/INFO] [PropertiesBase] topo (FirstLoaded) Setting config file to version "5.7.1p3": journeymap.topo.config
[01:54:44] [Client thread/INFO] [PropertiesBase] topo (Valid) Creating config file: C:\Users\lamar\curseforge\minecraft\Instances\Nexus Absolu\journeymap\config\5.7\journeymap.topo.config
[01:54:44] [Client thread/INFO] [PropertiesBase] webmap (FirstLoaded) Setting config file to version "5.7.1p3": journeymap.webmap.config
[01:54:44] [Client thread/INFO] [PropertiesBase] webmap (Valid) Creating config file: C:\Users\lamar\curseforge\minecraft\Instances\Nexus Absolu\journeymap\config\5.7\journeymap.webmap.config
[01:54:44] [Client thread/INFO] [PropertiesBase] waypoint (FirstLoaded) Setting config file to version "5.7.1p3": journeymap.waypoint.config
[01:54:44] [Client thread/INFO] [PropertiesBase] waypoint (Valid) Creating config file: C:\Users\lamar\curseforge\minecraft\Instances\Nexus Absolu\journeymap\config\5.7\journeymap.waypoint.config
[01:54:44] [Client thread/INFO] [?] Version: JourneyMap 1.12.2-5.7.1p3, built with Forge 14.23.5.2768
Forge: 14.23.5.2860
Environment: os.name, os.arch, java.version, user.country, user.language=null, game language=en_us, locale=en_us
Features: 
	RadarPlayers : singleplayer = true , multiplayer = true
	RadarAnimals : singleplayer = true , multiplayer = true
	RadarMobs : singleplayer = true , multiplayer = true
	RadarVillagers : singleplayer = true , multiplayer = true
	MapTopo : singleplayer = true , multiplayer = true
	MapSurface : singleplayer = true , multiplayer = true
	MapCaves : singleplayer = true , multiplayer = true
MiniMapProperties{state=SavedOk, file=journeymap.minimap.config, configVersion=5.7.1p3, zoomLevel=0, showPlayers=true, frameAlpha=100, compassFontScale=1, terrainAlpha=100, showEntityNames=true, enabled=true, showPlayerHeading=true, showVillagers=true, info2Label=Game Time, sizePercent=30, showDayNight=true, info3Label=Location, showMobs=true, showPets=true, preferredMapType=day, showCompass=true, mobDisplay=Small Dots, showReticle=true, orientation=North, systemTimeRealFormat=HH:mm:ss, shape=Circle, showSelf=true, info4Label=Biome, locationFormat=xzyv, playerDisplay=Small Dots, showGrid=true, reticleOrientation=Compass, gameTimeRealFormat=HH:mm:ss, showWaypoints=true, showCaves=true, showAnimals=true, showMobHeading=true, showWaypointLabels=true, locationFormatVerbose=true, position=Top Right, info1Label=Blank, fontScale=1}
MiniMapProperties{state=SavedOk, file=journeymap.minimap2.config, configVersion=5.7.1p3, zoomLevel=0, showPlayers=true, frameAlpha=100, compassFontScale=1, terrainAlpha=100, showEntityNames=true, enabled=true, showPlayerHeading=true, showVillagers=true, info2Label=Game Time, sizePercent=30, showDayNight=true, info3Label=Location, showMobs=true, showPets=true, preferredMapType=day, showCompass=true, mobDisplay=Small Dots, showReticle=true, orientation=North, systemTimeRealFormat=HH:mm:ss, shape=Rectangle, showSelf=true, info4Label=Biome, locationFormat=xzyv, playerDisplay=Small Dots, showGrid=true, reticleOrientation=Compass, gameTimeRealFormat=HH:mm:ss, showWaypoints=true, showCaves=true, showAnimals=true, showMobHeading=true, showWaypointLabels=true, locationFormatVerbose=true, position=Top Right, info1Label=Blank, fontScale=1}
FullMapProperties{state=SavedOk, file=journeymap.fullmap.config, configVersion=5.7.1p3, mobDisplay=Small Dots, zoomLevel=0, showPlayers=true, showSelf=true, locationFormat=xzyv, playerDisplay=Small Dots, showGrid=true, showEntityNames=true, showPlayerHeading=true, showVillagers=true, showWaypoints=true, showCaves=true, showAnimals=true, showMobHeading=true, showKeys=true, showWaypointLabels=true, locationFormatVerbose=true, showMobs=true, showPets=true, fontScale=1, preferredMapType=day}
WaypointProperties{state=SavedOk, file=journeymap.waypoint.config, configVersion=5.7.1p3, autoRemoveDeathpointDistance=2, createDeathpoints=true, showName=true, dateFormat=MM-dd-yyyy, autoRemoveDeathpoints=false, maxDistance=0, autoHideLabel=true, teleportCommand=/tp {name} {x} {y} {z}, showStaticBeam=true, minDistance=4, timeFormat=HH:mm:ss, boldLabel=false, textureSmall=true, showDeathpointlabel=true, showDistance=true, showRotatingBeam=true, fontScale=2, showTexture=true, managerEnabled=true, beaconEnabled=true}
WebMapProperties{state=SavedOk, file=journeymap.webmap.config, configVersion=5.7.1p3, zoomLevel=0, showWaypoints=true, showCaves=true, showSelf=true, port=8080, showGrid=true, showEntityNames=true, enabled=false, preferredMapType=day}
CoreProperties{state=SavedOk, file=journeymap.core.config, configVersion=5.7.1p3, verboseColorPalette=false, maxPlayersData=32, mapSurfaceAboveCaves=true, optionsManagerViewed=null, announceMod=true, colorPassive=#bbbbbb, renderOverlayEventTypeName=ALL, mapBlendWater=false, renderDistanceSurfaceMax=7, radarVerticalDistance=16, mapBlendGrass=true, recordCacheStats=false, hideSneakingEntities=true, revealShape=Circle, alwaysMapSurface=false, colorVillager=#88e188, mapPlants=false, colorPet=#0077ff, radarLateralDistance=64, mapBathymetry=false, mapCrops=true, maxMobsData=32, mapPlantShadows=false, alwaysMapCaves=false, checkUpdates=true, browserPoll=2000, mapBlendFoliage=true, mappingEnabled=true, colorPlayer=#ffffff, tileHighDisplayQuality=true, cacheVillagersData=2200, logLevel=INFO, maxVillagersData=32, maxAnimalsData=32, mapTransparency=true, tileRenderType=1, caveIgnoreGlass=true, mapTopography=true, renderDistanceCaveMax=3, mapAntialiasing=true, colorSelf=#0000ff, cachePlayersData=2000, cacheMobsData=3000, cachePlayerData=1000, splashViewed=null, colorHostile=#ff0000, cacheAnimalsData=3100, themeName=OceanMonument, mapCaveLighting=true, renderDelay=2, renderOverlayPreEvent=true, autoMapPoll=2000}
[01:54:44] [Client thread/INFO] [ClientAPI] [ClientAPI] built with JourneyMap API 1.4
[01:54:44] [Client thread/INFO] [PluginHelper] Initializing plugins with Client API: journeymap.client.api.impl.ClientAPI
[01:54:44] [Client thread/INFO] [PluginHelper] Initialized IClientPlugin: com.feed_the_beast.ftbutilities.integration.JourneyMapIntegration
[01:54:44] [Client thread/INFO] [PluginHelper] Initialized IClientPlugin: net.blay09.mods.waystones.compat.JourneyMapAddon
[01:54:44] [Client thread/INFO] [PluginHelper] Initialized IClientPlugin: com.teamacronymcoders.base.modules.journeymap.JourneyMapPlugin
[01:54:44] [Client thread/INFO] [JourneymapClient] initialize EXIT, elapsed count 0 avg ?ms
[01:55:16] [Client thread/ERROR] [FileHandler] Couldn't locate icons for Default: C:\Users\lamar\curseforge\minecraft\Instances\Nexus%20Absolu\mods\journeymap-1.12.2-5.7.1p3.jar\assets\journeymap\icon\entity
[01:55:16] [Client thread/INFO] [IconSetFileHandler] Added entity icons from journeymap:icon/entity. Success: false
[01:55:16] [Client thread/ERROR] [FileHandler] Couldn't locate icons for flat: C:\Users\lamar\curseforge\minecraft\Instances\Nexus%20Absolu\mods\journeymap-1.12.2-5.7.1p3.jar\assets\journeymap\theme\flat
[01:55:16] [Client thread/INFO] [ThemeLoader] Preloaded theme textures: 0
[01:55:16] [JM-VersionCheck-1/INFO] [VersionCheck$1] Newer version online: JourneyMap 5.7.1p3.jar for Minecraft 1.12.2 on http://minecraft.curseforge.com/projects/journeymap/files/5172461
[01:55:57] [Server thread/INFO] [PropertiesBase] global (FirstLoaded) Setting config file to version "5.7.1p3": journeymap.server.global.config
[01:55:57] [Server thread/INFO] [PropertiesBase] global (Valid) Creating config file: C:\Users\lamar\curseforge\minecraft\Instances\Nexus Absolu\journeymap\server\5.7\journeymap.server.global.config
[01:55:57] [Server thread/INFO] [PropertiesBase] default (FirstLoaded) Setting config file to version "5.7.1p3": journeymap.server.default.config
[01:55:57] [Server thread/INFO] [PropertiesBase] default (Valid) Creating config file: C:\Users\lamar\curseforge\minecraft\Instances\Nexus Absolu\journeymap\server\5.7\journeymap.server.default.config
[01:55:57] [Server thread/INFO] [PropertiesBase] dim0 (Initialized) Setting config file to version "5.7.1p3": journeymap.server.dim0.config
[01:55:57] [Server thread/INFO] [PropertiesBase] dim0 (Valid) Creating config file: C:\Users\lamar\curseforge\minecraft\Instances\Nexus Absolu\journeymap\server\5.7\journeymap.server.dim0.config
[01:55:57] [Server thread/INFO] [PropertiesBase] dim1 (Initialized) Setting config file to version "5.7.1p3": journeymap.server.dim1.config
[01:55:57] [Server thread/INFO] [PropertiesBase] dim1 (Valid) Creating config file: C:\Users\lamar\curseforge\minecraft\Instances\Nexus Absolu\journeymap\server\5.7\journeymap.server.dim1.config
[01:55:57] [Server thread/INFO] [PropertiesBase] dim-1 (Initialized) Setting config file to version "5.7.1p3": journeymap.server.dim-1.config
[01:55:57] [Server thread/INFO] [PropertiesBase] dim-1 (Valid) Creating config file: C:\Users\lamar\curseforge\minecraft\Instances\Nexus Absolu\journeymap\server\5.7\journeymap.server.dim-1.config
[01:55:57] [Server thread/INFO] [PropertiesBase] dim144 (Initialized) Setting config file to version "5.7.1p3": journeymap.server.dim144.config
[01:55:57] [Server thread/INFO] [PropertiesBase] dim144 (Valid) Creating config file: C:\Users\lamar\curseforge\minecraft\Instances\Nexus Absolu\journeymap\server\5.7\journeymap.server.dim144.config
[01:55:57] [Server thread/INFO] [PropertiesBase] dim4598 (Initialized) Setting config file to version "5.7.1p3": journeymap.server.dim4598.config
[01:55:57] [Server thread/INFO] [PropertiesBase] dim4598 (Valid) Creating config file: C:\Users\lamar\curseforge\minecraft\Instances\Nexus Absolu\journeymap\server\5.7\journeymap.server.dim4598.config
[01:55:57] [Server thread/INFO] [PropertiesBase] dim-2 (Initialized) Setting config file to version "5.7.1p3": journeymap.server.dim-2.config
[01:55:57] [Server thread/INFO] [PropertiesBase] dim-2 (Valid) Creating config file: C:\Users\lamar\curseforge\minecraft\Instances\Nexus Absolu\journeymap\server\5.7\journeymap.server.dim-2.config
[01:55:57] [Server thread/INFO] [PropertiesBase] dim2 (Initialized) Setting config file to version "5.7.1p3": journeymap.server.dim2.config
[01:55:57] [Server thread/INFO] [PropertiesBase] dim2 (Valid) Creating config file: C:\Users\lamar\curseforge\minecraft\Instances\Nexus Absolu\journeymap\server\5.7\journeymap.server.dim2.config
[01:56:04] [Client thread/WARN] [PropertiesBase] core (Initialized) Bad configField entry during updateFrom(): optionsManagerViewed=null
[01:56:04] [Client thread/WARN] [PropertiesBase] core (Initialized) Bad configField entry during updateFrom(): splashViewed=null
[01:56:05] [Client thread/INFO] [WaypointStore] Loaded 0 waypoints from C:\Users\lamar\curseforge\minecraft\Instances\Nexus Absolu\journeymap\data\sp\New World\waypoints
[01:56:05] [Client thread/INFO] [JourneymapClient] Mapping started in C:\Users\lamar\curseforge\minecraft\Instances\Nexus Absolu\journeymap\data\sp\New World\DIM0. Memory: 6702MB total, 3227MB free 
[01:56:10] [Client thread/INFO] [ChatLog] JourneyMap: Press [J]
[01:56:10] [JM-task-4/INFO] [ModBlockDelegate] Custom modded block handling enabled for biomesoplenty
[01:57:40] [Client thread/INFO] [JourneymapClient] Mapping halted in C:\Users\lamar\curseforge\minecraft\Instances\Nexus Absolu\journeymap\data\sp\New World\DIM0
